The system is: Linux - 3.13.0-39-generic - x86_64
Compiling the C compiler identification source file "CMakeCCompilerId.c" succeeded.
Compiler: /usr/bin/cc 
Build flags: 
Id flags: 

The output was:
0


Compilation of the C compiler identification source "CMakeCCompilerId.c" produced "a.out"

The C compiler identification is Clang, found in "/home/deim1508/Documents/brownian/CMakeFiles/3.2.2/CompilerIdC/a.out"

Determining if the C compiler works passed with the following output:
Change Dir: /home/deim1508/Documents/brownian/CMakeFiles/CMakeTmp

Run Build Command:"/usr/bin/make" "cmTryCompileExec1405853542/fast"
/usr/bin/make -f CMakeFiles/cmTryCompileExec1405853542.dir/build.make CMakeFiles/cmTryCompileExec1405853542.dir/build
make[1]: Entering directory `/home/deim1508/Documents/brownian/CMakeFiles/CMakeTmp'
/usr/bin/cmake -E cmake_progress_report /home/deim1508/Documents/brownian/CMakeFiles/CMakeTmp/CMakeFiles 1
Building C object CMakeFiles/cmTryCompileExec1405853542.dir/testCCompiler.c.o
/usr/bin/cc    -o CMakeFiles/cmTryCompileExec1405853542.dir/testCCompiler.c.o   -c /home/deim1508/Documents/brownian/CMakeFiles/CMakeTmp/testCCompiler.c
Linking C executable cmTryCompileExec1405853542
/usr/bin/cmake -E cmake_link_script CMakeFiles/cmTryCompileExec1405853542.dir/link.txt --verbose=1
/usr/bin/cc       CMakeFiles/cmTryCompileExec1405853542.dir/testCCompiler.c.o  -o cmTryCompileExec1405853542 -rdynamic 
make[1]: Leaving directory `/home/deim1508/Documents/brownian/CMakeFiles/CMakeTmp'


Detecting C compiler ABI info compiled with the following output:
Change Dir: /home/deim1508/Documents/brownian/CMakeFiles/CMakeTmp

Run Build Command:"/usr/bin/make" "cmTryCompileExec2579889260/fast"
/usr/bin/make -f CMakeFiles/cmTryCompileExec2579889260.dir/build.make CMakeFiles/cmTryCompileExec2579889260.dir/build
make[1]: Entering directory `/home/deim1508/Documents/brownian/CMakeFiles/CMakeTmp'
/usr/bin/cmake -E cmake_progress_report /home/deim1508/Documents/brownian/CMakeFiles/CMakeTmp/CMakeFiles 1
Building C object CMakeFiles/cmTryCompileExec2579889260.dir/CMakeCCompilerABI.c.o
/usr/bin/cc    -o CMakeFiles/cmTryCompileExec2579889260.dir/CMakeCCompilerABI.c.o   -c /usr/share/cmake-3.2/Modules/CMakeCCompilerABI.c
Linking C executable cmTryCompileExec2579889260
/usr/bin/cmake -E cmake_link_script CMakeFiles/cmTryCompileExec2579889260.dir/link.txt --verbose=1
/usr/bin/cc      -v CMakeFiles/cmTryCompileExec2579889260.dir/CMakeCCompilerABI.c.o  -o cmTryCompileExec2579889260 -rdynamic  
Ubuntu clang version 3.4-1ubuntu3 (tags/RELEASE_34/final) (based on LLVM 3.4)
Target: x86_64-pc-linux-gnu
Thread model: posix
Found candidate GCC installation: /usr/bin/../lib/gcc/i686-linux-gnu/4.9
Found candidate GCC installation: /usr/bin/../lib/gcc/i686-linux-gnu/4.9.3
Found candidate GCC installation: /usr/bin/../lib/gcc/x86_64-linux-gnu/4.8
Found candidate GCC installation: /usr/bin/../lib/gcc/x86_64-linux-gnu/4.8.4
Found candidate GCC installation: /usr/bin/../lib/gcc/x86_64-linux-gnu/4.9
Found candidate GCC installation: /usr/bin/../lib/gcc/x86_64-linux-gnu/4.9.3
Found candidate GCC installation: /usr/lib/gcc/i686-linux-gnu/4.9
Found candidate GCC installation: /usr/lib/gcc/i686-linux-gnu/4.9.3
Found candidate GCC installation: /usr/lib/gcc/x86_64-linux-gnu/4.8
Found candidate GCC installation: /usr/lib/gcc/x86_64-linux-gnu/4.8.4
Found candidate GCC installation: /usr/lib/gcc/x86_64-linux-gnu/4.9
Found candidate GCC installation: /usr/lib/gcc/x86_64-linux-gnu/4.9.3
Selected GCC installation: /usr/bin/../lib/gcc/x86_64-linux-gnu/4.8
 "/usr/bin/ld" -export-dynamic -z relro --hash-style=gnu --build-id --eh-frame-hdr -m elf_x86_64 -dynamic-linker /lib64/ld-linux-x86-64.so.2 -o cmTryCompileExec2579889260 /usr/bin/../lib/gcc/x86_64-linux-gnu/4.8/../../../x86_64-linux-gnu/crt1.o /usr/bin/../lib/gcc/x86_64-linux-gnu/4.8/../../../x86_64-linux-gnu/crti.o /usr/bin/../lib/gcc/x86_64-linux-gnu/4.8/crtbegin.o -L/usr/bin/../lib/gcc/x86_64-linux-gnu/4.8 -L/usr/bin/../lib/gcc/x86_64-linux-gnu/4.8/../../../x86_64-linux-gnu -L/lib/x86_64-linux-gnu -L/lib/../lib64 -L/usr/lib/x86_64-linux-gnu -L/usr/bin/../lib/gcc/x86_64-linux-gnu/4.8/../../.. -L/lib -L/usr/lib CMakeFiles/cmTryCompileExec2579889260.dir/CMakeCCompilerABI.c.o -L/opt/intel/lib/intel64 -L/opt/intel/tbb/lib/intel64 -lgcc --as-needed -lgcc_s --no-as-needed -lc -lgcc --as-needed -lgcc_s --no-as-needed /usr/bin/../lib/gcc/x86_64-linux-gnu/4.8/crtend.o /usr/bin/../lib/gcc/x86_64-linux-gnu/4.8/../../../x86_64-linux-gnu/crtn.o
make[1]: Leaving directory `/home/deim1508/Documents/brownian/CMakeFiles/CMakeTmp'


Parsed C implicit link information from above output:
  link line regex: [^( *|.*[/\])(ld|([^/\]+-)?ld|collect2)[^/\]*( |$)]
  ignore line: [Change Dir: /home/deim1508/Documents/brownian/CMakeFiles/CMakeTmp]
  ignore line: []
  ignore line: [Run Build Command:"/usr/bin/make" "cmTryCompileExec2579889260/fast"]
  ignore line: [/usr/bin/make -f CMakeFiles/cmTryCompileExec2579889260.dir/build.make CMakeFiles/cmTryCompileExec2579889260.dir/build]
  ignore line: [make[1]: Entering directory `/home/deim1508/Documents/brownian/CMakeFiles/CMakeTmp']
  ignore line: [/usr/bin/cmake -E cmake_progress_report /home/deim1508/Documents/brownian/CMakeFiles/CMakeTmp/CMakeFiles 1]
  ignore line: [Building C object CMakeFiles/cmTryCompileExec2579889260.dir/CMakeCCompilerABI.c.o]
  ignore line: [/usr/bin/cc    -o CMakeFiles/cmTryCompileExec2579889260.dir/CMakeCCompilerABI.c.o   -c /usr/share/cmake-3.2/Modules/CMakeCCompilerABI.c]
  ignore line: [Linking C executable cmTryCompileExec2579889260]
  ignore line: [/usr/bin/cmake -E cmake_link_script CMakeFiles/cmTryCompileExec2579889260.dir/link.txt --verbose=1]
  ignore line: [/usr/bin/cc      -v CMakeFiles/cmTryCompileExec2579889260.dir/CMakeCCompilerABI.c.o  -o cmTryCompileExec2579889260 -rdynamic  ]
  ignore line: [Ubuntu clang version 3.4-1ubuntu3 (tags/RELEASE_34/final) (based on LLVM 3.4)]
  ignore line: [Target: x86_64-pc-linux-gnu]
  ignore line: [Thread model: posix]
  ignore line: [Found candidate GCC installation: /usr/bin/../lib/gcc/i686-linux-gnu/4.9]
  ignore line: [Found candidate GCC installation: /usr/bin/../lib/gcc/i686-linux-gnu/4.9.3]
  ignore line: [Found candidate GCC installation: /usr/bin/../lib/gcc/x86_64-linux-gnu/4.8]
  ignore line: [Found candidate GCC installation: /usr/bin/../lib/gcc/x86_64-linux-gnu/4.8.4]
  ignore line: [Found candidate GCC installation: /usr/bin/../lib/gcc/x86_64-linux-gnu/4.9]
  ignore line: [Found candidate GCC installation: /usr/bin/../lib/gcc/x86_64-linux-gnu/4.9.3]
  ignore line: [Found candidate GCC installation: /usr/lib/gcc/i686-linux-gnu/4.9]
  ignore line: [Found candidate GCC installation: /usr/lib/gcc/i686-linux-gnu/4.9.3]
  ignore line: [Found candidate GCC installation: /usr/lib/gcc/x86_64-linux-gnu/4.8]
  ignore line: [Found candidate GCC installation: /usr/lib/gcc/x86_64-linux-gnu/4.8.4]
  ignore line: [Found candidate GCC installation: /usr/lib/gcc/x86_64-linux-gnu/4.9]
  ignore line: [Found candidate GCC installation: /usr/lib/gcc/x86_64-linux-gnu/4.9.3]
  ignore line: [Selected GCC installation: /usr/bin/../lib/gcc/x86_64-linux-gnu/4.8]
  link line: [ "/usr/bin/ld" -export-dynamic -z relro --hash-style=gnu --build-id --eh-frame-hdr -m elf_x86_64 -dynamic-linker /lib64/ld-linux-x86-64.so.2 -o cmTryCompileExec2579889260 /usr/bin/../lib/gcc/x86_64-linux-gnu/4.8/../../../x86_64-linux-gnu/crt1.o /usr/bin/../lib/gcc/x86_64-linux-gnu/4.8/../../../x86_64-linux-gnu/crti.o /usr/bin/../lib/gcc/x86_64-linux-gnu/4.8/crtbegin.o -L/usr/bin/../lib/gcc/x86_64-linux-gnu/4.8 -L/usr/bin/../lib/gcc/x86_64-linux-gnu/4.8/../../../x86_64-linux-gnu -L/lib/x86_64-linux-gnu -L/lib/../lib64 -L/usr/lib/x86_64-linux-gnu -L/usr/bin/../lib/gcc/x86_64-linux-gnu/4.8/../../.. -L/lib -L/usr/lib CMakeFiles/cmTryCompileExec2579889260.dir/CMakeCCompilerABI.c.o -L/opt/intel/lib/intel64 -L/opt/intel/tbb/lib/intel64 -lgcc --as-needed -lgcc_s --no-as-needed -lc -lgcc --as-needed -lgcc_s --no-as-needed /usr/bin/../lib/gcc/x86_64-linux-gnu/4.8/crtend.o /usr/bin/../lib/gcc/x86_64-linux-gnu/4.8/../../../x86_64-linux-gnu/crtn.o]
    arg [/usr/bin/ld] ==> ignore
    arg [-export-dynamic] ==> ignore
    arg [-zrelro] ==> ignore
    arg [--hash-style=gnu] ==> ignore
    arg [--build-id] ==> ignore
    arg [--eh-frame-hdr] ==> ignore
    arg [-m] ==> ignore
    arg [elf_x86_64] ==> ignore
    arg [-dynamic-linker] ==> ignore
    arg [/lib64/ld-linux-x86-64.so.2] ==> ignore
    arg [-o] ==> ignore
    arg [cmTryCompileExec2579889260] ==> ignore
    arg [/usr/bin/../lib/gcc/x86_64-linux-gnu/4.8/../../../x86_64-linux-gnu/crt1.o] ==> ignore
    arg [/usr/bin/../lib/gcc/x86_64-linux-gnu/4.8/../../../x86_64-linux-gnu/crti.o] ==> ignore
    arg [/usr/bin/../lib/gcc/x86_64-linux-gnu/4.8/crtbegin.o] ==> ignore
    arg [-L/usr/bin/../lib/gcc/x86_64-linux-gnu/4.8] ==> dir [/usr/bin/../lib/gcc/x86_64-linux-gnu/4.8]
    arg [-L/usr/bin/../lib/gcc/x86_64-linux-gnu/4.8/../../../x86_64-linux-gnu] ==> dir [/usr/bin/../lib/gcc/x86_64-linux-gnu/4.8/../../../x86_64-linux-gnu]
    arg [-L/lib/x86_64-linux-gnu] ==> dir [/lib/x86_64-linux-gnu]
    arg [-L/lib/../lib64] ==> dir [/lib/../lib64]
    arg [-L/usr/lib/x86_64-linux-gnu] ==> dir [/usr/lib/x86_64-linux-gnu]
    arg [-L/usr/bin/../lib/gcc/x86_64-linux-gnu/4.8/../../..] ==> dir [/usr/bin/../lib/gcc/x86_64-linux-gnu/4.8/../../..]
    arg [-L/lib] ==> dir [/lib]
    arg [-L/usr/lib] ==> dir [/usr/lib]
    arg [CMakeFiles/cmTryCompileExec2579889260.dir/CMakeCCompilerABI.c.o] ==> ignore
    arg [-L/opt/intel/lib/intel64] ==> dir [/opt/intel/lib/intel64]
    arg [-L/opt/intel/tbb/lib/intel64] ==> dir [/opt/intel/tbb/lib/intel64]
    arg [-lgcc] ==> lib [gcc]
    arg [--as-needed] ==> ignore
    arg [-lgcc_s] ==> lib [gcc_s]
    arg [--no-as-needed] ==> ignore
    arg [-lc] ==> lib [c]
    arg [-lgcc] ==> lib [gcc]
    arg [--as-needed] ==> ignore
    arg [-lgcc_s] ==> lib [gcc_s]
    arg [--no-as-needed] ==> ignore
    arg [/usr/bin/../lib/gcc/x86_64-linux-gnu/4.8/crtend.o] ==> ignore
    arg [/usr/bin/../lib/gcc/x86_64-linux-gnu/4.8/../../../x86_64-linux-gnu/crtn.o] ==> ignore
  remove lib [gcc]
  remove lib [gcc_s]
  remove lib [gcc]
  remove lib [gcc_s]
  collapse library dir [/usr/bin/../lib/gcc/x86_64-linux-gnu/4.8] ==> [/usr/lib/gcc/x86_64-linux-gnu/4.8]
  collapse library dir [/usr/bin/../lib/gcc/x86_64-linux-gnu/4.8/../../../x86_64-linux-gnu] ==> [/usr/lib/x86_64-linux-gnu]
  collapse library dir [/lib/x86_64-linux-gnu] ==> [/lib/x86_64-linux-gnu]
  collapse library dir [/lib/../lib64] ==> [/lib64]
  collapse library dir [/usr/lib/x86_64-linux-gnu] ==> [/usr/lib/x86_64-linux-gnu]
  collapse library dir [/usr/bin/../lib/gcc/x86_64-linux-gnu/4.8/../../..] ==> [/usr/lib]
  collapse library dir [/lib] ==> [/lib]
  collapse library dir [/usr/lib] ==> [/usr/lib]
  collapse library dir [/opt/intel/lib/intel64] ==> [/opt/intel/lib/intel64]
  collapse library dir [/opt/intel/tbb/lib/intel64] ==> [/opt/intel/tbb/lib/intel64]
  implicit libs: [c]
  implicit dirs: [/usr/lib/gcc/x86_64-linux-gnu/4.8;/usr/lib/x86_64-linux-gnu;/lib/x86_64-linux-gnu;/lib64;/usr/lib;/lib;/opt/intel/lib/intel64;/opt/intel/tbb/lib/intel64]
  implicit fwks: []




Detecting C [-std=c11] compiler features compiled with the following output:
Change Dir: /home/deim1508/Documents/brownian/CMakeFiles/CMakeTmp

Run Build Command:"/usr/bin/make" "cmTryCompileExec579913525/fast"
/usr/bin/make -f CMakeFiles/cmTryCompileExec579913525.dir/build.make CMakeFiles/cmTryCompileExec579913525.dir/build
make[1]: Entering directory `/home/deim1508/Documents/brownian/CMakeFiles/CMakeTmp'
/usr/bin/cmake -E cmake_progress_report /home/deim1508/Documents/brownian/CMakeFiles/CMakeTmp/CMakeFiles 1
Building C object CMakeFiles/cmTryCompileExec579913525.dir/feature_tests.c.o
/usr/bin/cc   -std=c11 -o CMakeFiles/cmTryCompileExec579913525.dir/feature_tests.c.o   -c /home/deim1508/Documents/brownian/CMakeFiles/feature_tests.c
Linking C executable cmTryCompileExec579913525
/usr/bin/cmake -E cmake_link_script CMakeFiles/cmTryCompileExec579913525.dir/link.txt --verbose=1
/usr/bin/cc       CMakeFiles/cmTryCompileExec579913525.dir/feature_tests.c.o  -o cmTryCompileExec579913525 -rdynamic 
make[1]: Leaving directory `/home/deim1508/Documents/brownian/CMakeFiles/CMakeTmp'


    Feature record: C_FEATURE:1c_function_prototypes
    Feature record: C_FEATURE:1c_restrict
    Feature record: C_FEATURE:1c_static_assert
    Feature record: C_FEATURE:1c_variadic_macros


Detecting C [-std=c99] compiler features compiled with the following output:
Change Dir: /home/deim1508/Documents/brownian/CMakeFiles/CMakeTmp

Run Build Command:"/usr/bin/make" "cmTryCompileExec3376212322/fast"
/usr/bin/make -f CMakeFiles/cmTryCompileExec3376212322.dir/build.make CMakeFiles/cmTryCompileExec3376212322.dir/build
make[1]: Entering directory `/home/deim1508/Documents/brownian/CMakeFiles/CMakeTmp'
/usr/bin/cmake -E cmake_progress_report /home/deim1508/Documents/brownian/CMakeFiles/CMakeTmp/CMakeFiles 1
Building C object CMakeFiles/cmTryCompileExec3376212322.dir/feature_tests.c.o
/usr/bin/cc   -std=c99 -o CMakeFiles/cmTryCompileExec3376212322.dir/feature_tests.c.o   -c /home/deim1508/Documents/brownian/CMakeFiles/feature_tests.c
Linking C executable cmTryCompileExec3376212322
/usr/bin/cmake -E cmake_link_script CMakeFiles/cmTryCompileExec3376212322.dir/link.txt --verbose=1
/usr/bin/cc       CMakeFiles/cmTryCompileExec3376212322.dir/feature_tests.c.o  -o cmTryCompileExec3376212322 -rdynamic 
make[1]: Leaving directory `/home/deim1508/Documents/brownian/CMakeFiles/CMakeTmp'


    Feature record: C_FEATURE:1c_function_prototypes
    Feature record: C_FEATURE:1c_restrict
    Feature record: C_FEATURE:0c_static_assert
    Feature record: C_FEATURE:1c_variadic_macros


Detecting C [-std=c90] compiler features compiled with the following output:
Change Dir: /home/deim1508/Documents/brownian/CMakeFiles/CMakeTmp

Run Build Command:"/usr/bin/make" "cmTryCompileExec1753204376/fast"
/usr/bin/make -f CMakeFiles/cmTryCompileExec1753204376.dir/build.make CMakeFiles/cmTryCompileExec1753204376.dir/build
make[1]: Entering directory `/home/deim1508/Documents/brownian/CMakeFiles/CMakeTmp'
/usr/bin/cmake -E cmake_progress_report /home/deim1508/Documents/brownian/CMakeFiles/CMakeTmp/CMakeFiles 1
Building C object CMakeFiles/cmTryCompileExec1753204376.dir/feature_tests.c.o
/usr/bin/cc   -std=c90 -o CMakeFiles/cmTryCompileExec1753204376.dir/feature_tests.c.o   -c /home/deim1508/Documents/brownian/CMakeFiles/feature_tests.c
Linking C executable cmTryCompileExec1753204376
/usr/bin/cmake -E cmake_link_script CMakeFiles/cmTryCompileExec1753204376.dir/link.txt --verbose=1
/usr/bin/cc       CMakeFiles/cmTryCompileExec1753204376.dir/feature_tests.c.o  -o cmTryCompileExec1753204376 -rdynamic 
make[1]: Leaving directory `/home/deim1508/Documents/brownian/CMakeFiles/CMakeTmp'


    Feature record: C_FEATURE:1c_function_prototypes
    Feature record: C_FEATURE:0c_restrict
    Feature record: C_FEATURE:0c_static_assert
    Feature record: C_FEATURE:0c_variadic_macros
